Program Internal Form (PIF):
Token | Symbol Table Position
43 | 0
41 | 1
24 | 0
31 | 0
11 | 0
37 | 0
43 | 0
41 | 2
24 | 0
30 | 0
43 | 0
39 | 0
19 | 0
41 | 2
20 | 0
43 | 0
43 | 0
26 | 0
19 | 0
41 | 2
8 | 0
42 | 3
20 | 0
43 | 0
21 | 0
43 | 0
41 | 1
11 | 0
38 | 0
43 | 0
22 | 0
43 | 0
27 | 0
43 | 0
21 | 0
43 | 0
28 | 0
19 | 0
41 | 4
24 | 0
30 | 0
11 | 0
42 | 5
23 | 0
41 | 4
8 | 0
41 | 2
4 | 0
42 | 5
23 | 0
41 | 4
11 | 0
41 | 4
1 | 0
42 | 3
20 | 0
43 | 0
21 | 0
43 | 0
26 | 0
19 | 0
41 | 2
5 | 0
41 | 4
12 | 0
42 | 6
20 | 0
43 | 0
21 | 0
43 | 0
41 | 1
11 | 0
38 | 0
43 | 0
22 | 0
43 | 0
22 | 0
43 | 0
22 | 0
43 | 0
43 | 0
26 | 0
19 | 0
41 | 1
12 | 0
37 | 0
20 | 0
43 | 0
21 | 0
43 | 0
40 | 0
19 | 0
42 | 7
20 | 0
43 | 0
22 | 0
43 | 0
27 | 0
43 | 0
21 | 0
43 | 0
40 | 0
19 | 0
42 | 8
20 | 0
43 | 0
22 | 0
43 | 0
